[debug] [2020-11-23T11:30:18.770Z] ----------------------------------------------------------------------
[debug] [2020-11-23T11:30:18.772Z] Command:       /usr/bin/node /home/aaron/code/aaronwolf.dev/node_modules/.bin/firebase init
[debug] [2020-11-23T11:30:18.772Z] CLI Version:   8.16.2
[debug] [2020-11-23T11:30:18.773Z] Platform:      linux
[debug] [2020-11-23T11:30:18.773Z] Node Version:  v10.19.0
[debug] [2020-11-23T11:30:18.773Z] Time:          Mon Nov 23 2020 13:30:18 GMT+0200 (Israel Standard Time)
[debug] [2020-11-23T11:30:18.773Z] ----------------------------------------------------------------------
[debug] [2020-11-23T11:30:18.773Z] 
[debug] [2020-11-23T11:30:18.778Z] > command requires scopes: ["email","openid","https://www.googleapis.com/auth/cloudplatformprojects.readonly","https://www.googleapis.com/auth/firebase","https://www.googleapis.com/auth/cloud-platform"]
[debug] [2020-11-23T11:30:18.778Z] > authorizing via signed-in user
[info] 
     ######## #### ########  ######## ########     ###     ######  ########
     ##        ##  ##     ## ##       ##     ##  ##   ##  ##       ##
     ######    ##  ########  ######   ########  #########  ######  ######
     ##        ##  ##    ##  ##       ##     ## ##     ##       ## ##
     ##       #### ##     ## ######## ########  ##     ##  ######  ########

You're about to initialize a Firebase project in this directory:

  /home/aaron/code/aaronwolf.dev

Before we get started, keep in mind:

  * You are initializing in an existing Firebase project directory

[info] 
=== Project Setup
[info] 
[info] First, let's associate this project directory with a Firebase project.
[info] You can create multiple project aliases by running firebase use --add, 
[info] but for now we'll just set up a default project.
[info] 
[info] i  .firebaserc already has a default project, using aaronwolfdev. 
[debug] [2020-11-23T11:30:54.925Z] > refreshing access token with scopes: ["email","https://www.googleapis.com/auth/cloud-platform","https://www.googleapis.com/auth/cloudplatformprojects.readonly","https://www.googleapis.com/auth/firebase","openid"]
[debug] [2020-11-23T11:30:54.926Z] >>> HTTP REQUEST POST https://www.googleapis.com/oauth2/v3/token  
 <request body omitted>
[debug] [2020-11-23T11:30:55.340Z] <<< HTTP RESPONSE 200 {"pragma":"no-cache","expires":"Mon, 01 Jan 1990 00:00:00 GMT","cache-control":"no-cache, no-store, max-age=0, must-revalidate","date":"Mon, 23 Nov 2020 11:30:55 GMT","content-type":"application/json; charset=utf-8","vary":"X-Origin, Referer, Origin,Accept-Encoding","server":"scaffolding on HTTPServer2","x-xss-protection":"0","x-frame-options":"SAMEORIGIN","x-content-type-options":"nosniff","alt-svc":"h3-29=\":443\"; ma=2592000,h3-T051=\":443\"; ma=2592000,h3-Q050=\":443\"; ma=2592000,h3-Q046=\":443\"; ma=2592000,h3-Q043=\":443\"; ma=2592000,quic=\":443\"; ma=2592000; v=\"46,43\"","accept-ranges":"none","transfer-encoding":"chunked"}
[debug] [2020-11-23T11:30:55.349Z] >>> HTTP REQUEST GET https://firebase.googleapis.com/v1beta1/projects/aaronwolfdev  
 
[debug] [2020-11-23T11:31:01.287Z] ----------------------------------------------------------------------
[debug] [2020-11-23T11:31:01.288Z] Command:       /usr/bin/node /home/aaron/code/aaronwolf.dev/node_modules/.bin/firebase init
[debug] [2020-11-23T11:31:01.289Z] CLI Version:   8.16.2
[debug] [2020-11-23T11:31:01.289Z] Platform:      linux
[debug] [2020-11-23T11:31:01.289Z] Node Version:  v10.19.0
[debug] [2020-11-23T11:31:01.289Z] Time:          Mon Nov 23 2020 13:31:01 GMT+0200 (Israel Standard Time)
[debug] [2020-11-23T11:31:01.289Z] ----------------------------------------------------------------------
[debug] [2020-11-23T11:31:01.289Z] 
[debug] [2020-11-23T11:31:01.294Z] > command requires scopes: ["email","openid","https://www.googleapis.com/auth/cloudplatformprojects.readonly","https://www.googleapis.com/auth/firebase","https://www.googleapis.com/auth/cloud-platform"]
[debug] [2020-11-23T11:31:01.294Z] > authorizing via signed-in user
[info] 
     ######## #### ########  ######## ########     ###     ######  ########
     ##        ##  ##     ## ##       ##     ##  ##   ##  ##       ##
     ######    ##  ########  ######   ########  #########  ######  ######
     ##        ##  ##    ##  ##       ##     ## ##     ##       ## ##
     ##       #### ##     ## ######## ########  ##     ##  ######  ########

You're about to initialize a Firebase project in this directory:

  /home/aaron/code/aaronwolf.dev

Before we get started, keep in mind:

  * You are initializing in an existing Firebase project directory

[info] 
=== Project Setup
[info] 
[info] First, let's associate this project directory with a Firebase project.
[info] You can create multiple project aliases by running firebase use --add, 
[info] but for now we'll just set up a default project.
[info] 
[info] i  .firebaserc already has a default project, using aaronwolfdev. 
[debug] [2020-11-23T11:31:23.428Z] >>> HTTP REQUEST GET https://firebase.googleapis.com/v1beta1/projects/aaronwolfdev  
 
[debug] [2020-11-23T11:31:23.989Z] <<< HTTP RESPONSE 200 {"content-type":"application/json; charset=UTF-8","vary":"X-Origin, Referer, Origin,Accept-Encoding","date":"Mon, 23 Nov 2020 11:31:23 GMT","server":"ESF","cache-control":"private","x-xss-protection":"0","x-frame-options":"SAMEORIGIN","x-content-type-options":"nosniff","alt-svc":"h3-29=\":443\"; ma=2592000,h3-T051=\":443\"; ma=2592000,h3-Q050=\":443\"; ma=2592000,h3-Q046=\":443\"; ma=2592000,h3-Q043=\":443\"; ma=2592000,quic=\":443\"; ma=2592000; v=\"46,43\"","accept-ranges":"none","transfer-encoding":"chunked"}
[info] 
=== Hosting Setup
[info] 
[info] Your public directory is the folder (relative to your project directory) that
[info] will contain Hosting assets to be uploaded with firebase deploy. If you
[info] have a build process for your assets, use your build's output directory.
[info] 
